2025-09-14 12:04:36,467 [INFO] Tesla HVAC script started
2025-09-14 12:04:46,693 [INFO] Tesla HVAC script started
2025-09-14 12:04:56,950 [INFO] Tesla HVAC script started
2025-09-14 12:05:07,191 [INFO] Tesla HVAC script started
2025-09-14 12:05:17,441 [INFO] Tesla HVAC script started
2025-09-14 12:05:27,689 [INFO] Tesla HVAC script started
2025-09-14 12:05:37,936 [INFO] Tesla HVAC script started
2025-09-14 12:05:48,214 [INFO] Tesla HVAC script started
2025-09-14 12:05:58,436 [INFO] Tesla HVAC script started
2025-09-14 12:06:08,688 [INFO] Tesla HVAC script started
2025-09-14 12:06:18,961 [INFO] Tesla HVAC script started
2025-09-14 12:06:29,196 [INFO] Tesla HVAC script started
2025-09-14 12:06:39,441 [INFO] Tesla HVAC script started
2025-09-14 12:06:49,693 [INFO] Tesla HVAC script started
2025-09-14 12:06:59,936 [INFO] Tesla HVAC script started
2025-09-14 12:07:10,180 [INFO] Tesla HVAC script started
2025-09-14 12:07:20,437 [INFO] Tesla HVAC script started
2025-09-14 12:07:30,754 [INFO] Tesla HVAC script started
2025-09-14 12:07:40,941 [INFO] Tesla HVAC script started
2025-09-14 12:07:51,181 [INFO] Tesla HVAC script started
2025-09-14 12:08:01,449 [INFO] Tesla HVAC script started
2025-09-14 12:08:11,691 [INFO] Tesla HVAC script started
2025-09-14 12:08:21,936 [INFO] Tesla HVAC script started
2025-09-14 12:08:32,183 [INFO] Tesla HVAC script started
2025-09-14 12:08:42,501 [INFO] Tesla HVAC script started
2025-09-14 12:08:52,682 [INFO] Tesla HVAC script started
2025-09-14 12:09:02,942 [INFO] Tesla HVAC script started
2025-09-14 12:09:13,184 [INFO] Tesla HVAC script started
2025-09-14 12:09:23,441 [INFO] Tesla HVAC script started
2025-09-14 12:09:33,688 [INFO] Tesla HVAC script started
2025-09-14 12:09:43,939 [INFO] Tesla HVAC script started
2025-09-14 12:09:54,191 [INFO] Tesla HVAC script started
2025-09-14 12:10:04,451 [INFO] Tesla HVAC script started
2025-09-14 12:10:14,686 [INFO] Tesla HVAC script started
2025-09-14 12:10:24,942 [INFO] Tesla HVAC script started
2025-09-14 12:10:35,190 [INFO] Tesla HVAC script started
2025-09-14 12:10:45,445 [INFO] Tesla HVAC script started
2025-09-14 12:10:55,713 [INFO] Tesla HVAC script started
2025-09-14 12:11:05,952 [INFO] Tesla HVAC script started
2025-09-14 12:11:16,191 [INFO] Tesla HVAC script started
2025-09-14 12:11:26,464 [INFO] Tesla HVAC script started
2025-09-14 12:11:36,681 [INFO] Tesla HVAC script started
2025-09-14 12:11:46,935 [INFO] Tesla HVAC script started
2025-09-14 12:19:51,742 [INFO] Tesla HVAC script started. Daily job scheduled at 11:47.
2025-09-14 12:20:57,906 [INFO] Tesla HVAC script started. Daily job scheduled at 12:21.
2025-09-14 12:21:01,305 [INFO] Obtained new Tesla access token.
2025-09-14 12:21:01,526 [ERROR] API GET /vehicles/929770148073832/vehicle_data failed: 408 Client Error: Request Timeout for url: https://owner-api.teslamotors.com/api/1/vehicles/929770148073832/vehicle_data
2025-09-14 12:23:01,545 [INFO] Tesla HVAC script started. Daily job scheduled at 12:21.
2025-09-14 12:23:13,225 [INFO] Tesla HVAC script started. Daily job scheduled at 12:24.
2025-09-14 12:24:00,636 [INFO] Obtained new Tesla access token.
2025-09-14 12:24:00,883 [ERROR] API GET /vehicles/929770148073832/vehicle_data failed: 408 Client Error: Request Timeout for url: https://owner-api.teslamotors.com/api/1/vehicles/929770148073832/vehicle_data
2025-09-14 12:24:00,886 [WARNING] Vehicle data not ready, retry 1/5. Waiting 10s...
2025-09-14 12:24:01,133 [INFO] Sent wake_up command to Tesla.
2025-09-14 12:24:11,387 [ERROR] API GET /vehicles/929770148073832/vehicle_data failed: 408 Client Error: Request Timeout for url: https://owner-api.teslamotors.com/api/1/vehicles/929770148073832/vehicle_data
2025-09-14 12:24:11,389 [WARNING] Vehicle data not ready, retry 2/5. Waiting 10s...
2025-09-14 12:24:11,627 [INFO] Sent wake_up command to Tesla.
2025-09-14 12:24:21,980 [INFO] Vehicle data fetched successfully on attempt 3.
2025-09-14 12:24:21,981 [INFO] Outside temp: 19.0°C | Inside temp: 34.3°C
2025-09-14 12:24:21,981 [INFO] Outside 19.0°C < 25.0°C → starting HVAC
2025-09-14 12:24:22,635 [INFO] HVAC started.
2025-09-14 12:25:23,073 [INFO] Vehicle data fetched successfully on attempt 1.
2025-09-14 12:25:23,074 [INFO] Shutdown check → Speed=None, Inside=29.8°C, Outside=19.0°C
2025-09-14 12:25:23,435 [INFO] HVAC stopped.
2025-09-14 12:25:23,436 [INFO] HVAC stopped after 60s because car idle.
2025-09-14 12:28:28,079 [INFO] Tesla HVAC script started. Daily job scheduled at 12:29.
2025-09-14 12:29:00,462 [INFO] Obtained new Tesla access token.
2025-09-14 12:29:00,867 [INFO] Vehicle data fetched successfully on attempt 1.
2025-09-14 12:29:00,868 [INFO] Starting HVAC: setting inside temperature to 18°C
2025-09-14 12:29:01,746 [INFO] HVAC started and set to 18°C.
2025-09-14 12:30:02,134 [INFO] Vehicle data fetched successfully on attempt 1.
2025-09-14 12:30:02,135 [INFO] Shutdown check → Speed=None
2025-09-14 12:30:02,434 [INFO] HVAC stopped.
2025-09-14 12:30:02,435 [INFO] HVAC stopped after 60s because car idle.
2025-09-14 12:30:51,999 [INFO] Tesla HVAC script started. Daily job scheduled at 12:31.
2025-09-14 12:31:00,336 [INFO] Obtained new Tesla access token.
2025-09-14 12:31:00,951 [INFO] Vehicle data fetched successfully on attempt 1.
2025-09-14 12:31:00,951 [INFO] Starting HVAC: setting inside temperature to 18°C
2025-09-14 12:31:01,638 [INFO] HVAC started and set to 18°C.
2025-09-14 12:32:02,018 [INFO] Vehicle data fetched successfully on attempt 1.
2025-09-14 12:32:02,020 [INFO] Shutdown check → Speed=None
2025-09-14 12:32:02,339 [INFO] HVAC stopped.
2025-09-14 12:32:02,340 [INFO] HVAC stopped after 60s because car idle.
2025-09-14 12:34:50,768 [INFO] Tesla HVAC job scheduled for today (6) at 12:35.
2025-09-14 12:34:50,768 [INFO] Tesla HVAC script started.
2025-09-14 12:35:01,130 [INFO] Obtained new Tesla access token.
2025-09-14 12:35:02,126 [INFO] Vehicle data fetched successfully on attempt 1.
2025-09-14 12:35:02,127 [INFO] Starting HVAC: setting inside temperature to 18.0°C
2025-09-14 12:35:02,754 [INFO] HVAC started and set to 18.0°C.
2025-09-14 12:36:03,106 [INFO] Vehicle data fetched successfully on attempt 1.
2025-09-14 12:36:03,107 [INFO] Shutdown check → Speed=None
2025-09-14 12:36:03,400 [INFO] HVAC stopped.
2025-09-14 12:36:03,400 [INFO] HVAC stopped after 60s because car idle.
2025-09-14 12:36:34,849 [INFO] Today (6) is not in configured DAYS → skipping HVAC schedule.
2025-09-14 12:36:34,849 [INFO] Tesla HVAC script started.
2025-09-14 12:43:28,838 [INFO] Tesla HVAC job scheduled for today (6) at 12:44.
2025-09-14 12:43:28,838 [INFO] Tesla HVAC script started.
2025-09-14 12:44:01,199 [INFO] Obtained new Tesla access token.
2025-09-14 12:44:01,554 [INFO] Vehicle data fetched successfully on attempt 1.
2025-09-14 12:44:01,554 [INFO] Outside Temp=19.0°C, Inside Temp=35.9°C
2025-09-14 12:44:01,554 [INFO] Temperature conditions NOT met → skipping HVAC.
2025-09-14 12:47:06,062 [INFO] Tesla HVAC job scheduled for today (6) at 12:48.
2025-09-14 12:47:06,062 [INFO] Tesla HVAC script started.
2025-09-14 12:48:00,449 [INFO] Obtained new Tesla access token.
2025-09-14 12:48:00,847 [INFO] Vehicle data fetched successfully on attempt 1.
2025-09-14 12:48:00,848 [INFO] Outside Temp=19.5°C, Inside Temp=37.2°C
2025-09-14 12:48:00,848 [INFO] Temperature condition met → starting HVAC.
2025-09-14 12:48:01,681 [INFO] HVAC started and set to 18.0°C.
2025-09-14 12:49:02,077 [INFO] Vehicle data fetched successfully on attempt 1.
2025-09-14 12:49:02,078 [INFO] Shutdown check → Speed=None
2025-09-14 12:49:02,394 [INFO] HVAC stopped.
2025-09-14 12:49:02,395 [INFO] HVAC stopped after 60s because car idle.
2025-09-14 12:55:58,849 [INFO] Tesla HVAC job scheduled for today (6) at 12:56.
2025-09-14 12:55:58,850 [INFO] Tesla HVAC script started.
2025-09-14 12:56:00,851 [INFO] === HVAC Job Triggered at 2025-09-14 12:56:00.851143 ===
2025-09-14 12:56:01,212 [INFO] Obtained new Tesla access token.
2025-09-14 12:56:01,553 [INFO] Vehicle data fetched successfully on attempt 1.
2025-09-14 12:56:01,553 [INFO] Vehicle state: online, Speed: None
2025-09-14 12:56:01,553 [INFO] Outside Temp=19.5°C, Inside Temp=35.6°C
2025-09-14 12:56:01,553 [INFO] Temperature condition met → starting HVAC due to: Inside temp 35.6°C > 25°C
2025-09-14 12:56:02,171 [INFO] HVAC started. Start response: {'response': {'reason': '', 'result': True}}, Set Temp response: {'response': {'reason': '', 'result': True}}
2025-09-14 12:56:12,534 [INFO] Vehicle data fetched successfully on attempt 1.
2025-09-14 12:56:12,534 [INFO] Shutdown check → Vehicle state: online, Speed=None
2025-09-14 12:56:12,823 [INFO] HVAC stopped. Stop response: {'response': {'reason': '', 'result': True}}
2025-09-14 12:56:12,823 [INFO] HVAC stopped after 10s because car idle.
2025-09-14 13:01:30,584 [INFO] Tesla HVAC job scheduled for today (6) at 13:02.
2025-09-14 13:01:30,584 [INFO] Tesla HVAC script started.
2025-09-14 13:02:00,602 [INFO] === HVAC Job Triggered at 2025-09-14 13:02:00.601908 ===
2025-09-14 13:02:00,974 [INFO] Obtained new Tesla access token.
2025-09-14 13:02:01,982 [INFO] Vehicle data fetched successfully on attempt 1.
2025-09-14 13:02:01,984 [INFO] Vehicle state: online, Speed: None
2025-09-14 13:02:01,984 [INFO] Outside Temp=19.5°C, Inside Temp=37.3°C
2025-09-14 13:02:01,984 [INFO] Temperature condition met → starting HVAC due to: Inside temp 37.3°C > 25°C
2025-09-14 13:02:02,669 [INFO] HVAC started. Start response: {'response': {'reason': '', 'result': True}}, Set Temp response: {'response': {'reason': '', 'result': True}}
2025-09-14 13:02:12,970 [INFO] Vehicle data fetched successfully on attempt 1.
2025-09-14 13:02:12,970 [INFO] Shutdown check → Vehicle state: online, Speed=None
2025-09-14 13:02:13,476 [INFO] HVAC stopped. Stop response: {'response': {'reason': '', 'result': True}}
2025-09-14 13:02:13,477 [INFO] HVAC stopped after 10s because car idle.
2025-09-14 13:04:05,091 [INFO] Tesla HVAC job scheduled for today (6) at 13:04.
2025-09-14 13:04:05,091 [INFO] Tesla HVAC script started.
2025-09-14 13:04:19,113 [INFO] Tesla HVAC job scheduled for today (6) at 13:05.
2025-09-14 13:04:19,113 [INFO] Tesla HVAC script started.
2025-09-14 13:04:45,440 [INFO] Tesla HVAC job scheduled for today (6) at 13:05.
2025-09-14 13:04:45,441 [INFO] Tesla HVAC script started.
2025-09-14 13:05:00,449 [INFO] === HVAC Job Triggered at 2025-09-14 13:05:00.449412 ===
2025-09-14 13:05:00,795 [INFO] Obtained new Tesla access token.
2025-09-14 13:05:01,148 [INFO] Vehicle data fetched successfully on attempt 1.
2025-09-14 13:05:01,149 [INFO] Vehicle state: online, Speed: None
2025-09-14 13:05:01,149 [INFO] Outside Temp=19.5°C, Inside Temp=36.0°C
2025-09-14 13:05:01,149 [INFO] Temperature condition met → starting HVAC due to: Inside temp 36.0°C > 25°C
2025-09-14 13:05:01,766 [INFO] HVAC started. Start response: {'response': {'reason': '', 'result': True}}, Set Temp response: {'response': {'reason': '', 'result': True}}
2025-09-14 13:05:12,074 [INFO] Vehicle data fetched successfully on attempt 1.
2025-09-14 13:05:12,075 [INFO] Shutdown check → Vehicle state: online, Speed=None
2025-09-14 13:05:12,398 [INFO] HVAC stopped. Stop response: {'response': {'reason': '', 'result': True}}
2025-09-14 13:05:12,399 [INFO] HVAC stopped after 10s because car idle.
2025-09-14 14:11:46,947 [INFO] Tesla HVAC job scheduled for today (6) at 11:47.
2025-09-14 14:11:46,947 [INFO] Tesla HVAC script started.
2025-09-14 14:12:11,531 [INFO] Tesla HVAC job scheduled for today (6) at 14:13.
2025-09-14 14:12:11,531 [INFO] Tesla HVAC script started.
2025-09-14 14:13:00,558 [INFO] === HVAC Job Triggered at 2025-09-14 14:13:00.558705 ===
2025-09-14 14:13:00,888 [INFO] Obtained new Tesla access token.
2025-09-14 14:13:01,216 [INFO] Vehicle data fetched successfully on attempt 1.
2025-09-14 14:13:01,217 [INFO] Vehicle state: online, Speed: None
2025-09-14 14:13:01,217 [INFO] Outside Temp=21.0°C, Inside Temp=36.5°C
2025-09-14 14:13:01,217 [INFO] Temperature condition met → starting HVAC due to: Inside temp 36.5°C > 25°C
2025-09-14 14:13:01,830 [INFO] HVAC started. Start response: {'response': {'reason': '', 'result': True}}, Set Temp response: {'response': {'reason': '', 'result': True}}
2025-09-14 14:14:02,268 [INFO] Vehicle data fetched successfully on attempt 1.
2025-09-14 14:14:02,269 [INFO] Shutdown check → Vehicle state: online, Speed=None
2025-09-14 14:14:02,552 [INFO] HVAC stopped. Stop response: {'response': {'reason': '', 'result': True}}
2025-09-14 14:14:02,552 [INFO] HVAC stopped after 60s because car idle.
2025-09-14 14:15:45,253 [INFO] Tesla HVAC job scheduled for today (6) at 14:16.
2025-09-14 14:15:45,253 [INFO] Tesla HVAC script started.
2025-09-14 14:16:00,262 [INFO] === HVAC Job Triggered at 2025-09-14 14:16:00.262020 ===
2025-09-14 14:16:00,611 [INFO] Obtained new Tesla access token.
2025-09-14 14:16:00,949 [INFO] Vehicle data fetched successfully on attempt 1.
2025-09-14 14:16:00,949 [INFO] Vehicle state: online, Speed: None
2025-09-14 14:16:00,949 [INFO] Outside Temp=20.5°C, Inside Temp=35.3°C
2025-09-14 14:16:00,949 [INFO] Temperature condition met → starting HVAC due to: Inside temp 35.3°C > 25°C
2025-09-14 14:16:01,659 [INFO] HVAC started. Start response: {'response': {'reason': '', 'result': True}}, Set Temp response: {'response': {'reason': '', 'result': True}}
2025-09-14 14:17:02,096 [INFO] Vehicle data fetched successfully on attempt 1.
2025-09-14 14:17:02,097 [INFO] Shutdown check → Vehicle state: online, Speed=None
2025-09-14 14:17:03,859 [INFO] HVAC stopped. Stop response: {'response': {'reason': '', 'result': True}}
2025-09-14 14:17:03,860 [INFO] HVAC stopped after 60s because car idle.
2025-09-14 14:19:09.571 [INFO] Tesla HVAC job scheduled for today (6) at 14:20.
2025-09-14 14:19:09.571 [INFO] Tesla HVAC script started.
2025-09-14 14:20:00.599 [DEBUG] Running job Job(interval=1, unit=days, do=hvac_job, args=(), kwargs={})
2025-09-14 14:20:00.604 [INFO] === HVAC Job Triggered at 2025-09-14 14:20:00.604293 ===
2025-09-14 14:20:00.605 [DEBUG] Starting new HTTPS connection (1): auth.tesla.com:443
2025-09-14 14:20:01.059 [DEBUG] https://auth.tesla.com:443 "POST /oauth2/v3/token HTTP/1.1" 200 994
2025-09-14 14:20:01.062 [INFO] Obtained new Tesla access token.
2025-09-14 14:20:01.064 [DEBUG] Starting new HTTPS connection (1): owner-api.teslamotors.com:443
2025-09-14 14:20:01.358 [DEBUG] https://owner-api.teslamotors.com:443 "GET /api/1/vehicles/929770148073832/vehicle_data HTTP/1.1" 200 None
2025-09-14 14:20:01.360 [DEBUG] GET /vehicles/929770148073832/vehicle_data succeeded.
2025-09-14 14:20:01.363 [INFO] Vehicle data fetched successfully on attempt 1.
2025-09-14 14:20:01.364 [INFO] Vehicle state: online, Speed: None
2025-09-14 14:20:01.364 [INFO] Outside Temp=20.5°C, Inside Temp=35.6°C
2025-09-14 14:20:01.365 [INFO] Temperature condition met → starting HVAC due to: Inside temp 35.6°C > 25°C
2025-09-14 14:20:01.369 [DEBUG] Starting new HTTPS connection (1): owner-api.teslamotors.com:443
2025-09-14 14:20:01.678 [DEBUG] https://owner-api.teslamotors.com:443 "POST /api/1/vehicles/929770148073832/command/auto_conditioning_start HTTP/1.1" 200 None
2025-09-14 14:20:01.679 [DEBUG] POST /vehicles/929770148073832/command/auto_conditioning_start succeeded.
2025-09-14 14:20:01.683 [DEBUG] Starting new HTTPS connection (1): owner-api.teslamotors.com:443
2025-09-14 14:20:01.994 [DEBUG] https://owner-api.teslamotors.com:443 "POST /api/1/vehicles/929770148073832/command/set_temps HTTP/1.1" 200 None
2025-09-14 14:20:01.995 [DEBUG] POST /vehicles/929770148073832/command/set_temps succeeded.
2025-09-14 14:20:01.998 [INFO] HVAC started. Start response: {'response': {'reason': '', 'result': True}}, Set Temp response: {'response': {'reason': '', 'result': True}}
2025-09-14 14:21:02.028 [DEBUG] Running job Job(interval=60, unit=seconds, do=check_shutdown, args=(), kwargs={})
2025-09-14 14:21:02.028 [DEBUG] Deleting all jobs tagged "shutdown_check"
2025-09-14 14:21:02.029 [DEBUG] Starting new HTTPS connection (1): owner-api.teslamotors.com:443
2025-09-14 14:21:02.401 [DEBUG] https://owner-api.teslamotors.com:443 "GET /api/1/vehicles/929770148073832/vehicle_data HTTP/1.1" 200 None
2025-09-14 14:21:02.401 [DEBUG] GET /vehicles/929770148073832/vehicle_data succeeded.
2025-09-14 14:21:02.403 [INFO] Vehicle data fetched successfully on attempt 1.
2025-09-14 14:21:02.403 [INFO] Shutdown check → Vehicle state: online, Speed=None
2025-09-14 14:21:02.404 [DEBUG] Starting new HTTPS connection (1): owner-api.teslamotors.com:443
2025-09-14 14:21:02.729 [DEBUG] https://owner-api.teslamotors.com:443 "POST /api/1/vehicles/929770148073832/command/auto_conditioning_stop HTTP/1.1" 200 None
2025-09-14 14:21:02.729 [DEBUG] POST /vehicles/929770148073832/command/auto_conditioning_stop succeeded.
2025-09-14 14:21:02.731 [INFO] HVAC stopped. Stop response: {'response': {'reason': '', 'result': True}}
2025-09-14 14:21:02.731 [INFO] HVAC stopped after 60s because car idle.
2025-09-14 14:25:47.323 [INFO] Tesla HVAC script started with LOG_MODE='both'
2025-09-14 14:26:20.655 [INFO] Tesla HVAC script started with LOG_MODE='both'
2025-09-14 14:26:21.865 [INFO] Tesla HVAC script started with LOG_MODE='both'
2025-09-14 14:28:36.595 [INFO] Tesla HVAC script started with LOG_MODE='both'
2025-09-14 14:28:36.595 [INFO] Scheduled HVAC task at 14:26 daily
2025-09-14 14:28:36.595 [INFO] Scheduled time already passed, running HVAC task immediately
2025-09-14 14:28:36.596 [DEBUG] Starting new HTTPS connection (1): auth.tesla.com:443
2025-09-14 14:28:36.915 [DEBUG] https://auth.tesla.com:443 "POST /oauth2/v3/token HTTP/1.1" 200 991
2025-09-14 14:28:36.917 [DEBUG] Starting new HTTPS connection (1): owner-api.teslamotors.com:443
2025-09-14 14:28:37.133 [DEBUG] https://owner-api.teslamotors.com:443 "POST /api/1/vehicles/929770148073832/wake_up HTTP/1.1" 200 None
2025-09-14 14:28:37.134 [INFO] Vehicle is online
2025-09-14 14:28:37.135 [DEBUG] Starting new HTTPS connection (1): owner-api.teslamotors.com:443
2025-09-14 14:28:37.537 [DEBUG] https://owner-api.teslamotors.com:443 "GET /api/1/vehicles/929770148073832/vehicle_data HTTP/1.1" 200 None
2025-09-14 14:28:37.539 [DEBUG] Vehicle data: inside=38.5, outside=20.0, speed=None
2025-09-14 14:28:37.542 [INFO] Conditions met (outside=20.0, inside=38.5), starting HVAC
2025-09-14 14:28:37.545 [DEBUG] Starting new HTTPS connection (1): owner-api.teslamotors.com:443
2025-09-14 14:28:37.826 [DEBUG] https://owner-api.teslamotors.com:443 "POST /api/1/vehicles/929770148073832/command/set_temps HTTP/1.1" 200 None
2025-09-14 14:28:37.828 [INFO] HVAC set to 18°C
2025-09-14 14:28:37.831 [INFO] Waiting 60 seconds to check if car moved
2025-09-14 14:29:21.981 [INFO] Tesla HVAC script started with LOG_MODE='both'
2025-09-14 14:29:21.982 [INFO] Scheduled HVAC task at 14:30 daily
2025-09-14 14:29:21.982 [INFO] Waiting for first scheduled HVAC run at 2025-09-14 14:30:00
2025-09-14 14:29:21.982 [DEBUG] Next scheduled HVAC run at 2025-09-14 14:30:00
2025-09-14 14:29:22.983 [DEBUG] Next scheduled HVAC run at 2025-09-14 14:30:00
2025-09-14 14:29:23.984 [DEBUG] Next scheduled HVAC run at 2025-09-14 14:30:00
2025-09-14 14:29:24.986 [DEBUG] Next scheduled HVAC run at 2025-09-14 14:30:00
2025-09-14 14:29:25.987 [DEBUG] Next scheduled HVAC run at 2025-09-14 14:30:00
2025-09-14 14:29:26.988 [DEBUG] Next scheduled HVAC run at 2025-09-14 14:30:00
2025-09-14 14:29:27.989 [DEBUG] Next scheduled HVAC run at 2025-09-14 14:30:00
2025-09-14 14:29:28.990 [DEBUG] Next scheduled HVAC run at 2025-09-14 14:30:00
2025-09-14 14:29:29.991 [DEBUG] Next scheduled HVAC run at 2025-09-14 14:30:00
2025-09-14 14:29:30.991 [DEBUG] Next scheduled HVAC run at 2025-09-14 14:30:00
2025-09-14 14:29:31.993 [DEBUG] Next scheduled HVAC run at 2025-09-14 14:30:00
2025-09-14 14:29:32.994 [DEBUG] Next scheduled HVAC run at 2025-09-14 14:30:00
2025-09-14 14:29:33.995 [DEBUG] Next scheduled HVAC run at 2025-09-14 14:30:00
2025-09-14 14:29:34.997 [DEBUG] Next scheduled HVAC run at 2025-09-14 14:30:00
2025-09-14 14:29:35.998 [DEBUG] Next scheduled HVAC run at 2025-09-14 14:30:00
2025-09-14 14:29:36.999 [DEBUG] Next scheduled HVAC run at 2025-09-14 14:30:00
2025-09-14 14:29:38.001 [DEBUG] Next scheduled HVAC run at 2025-09-14 14:30:00
2025-09-14 14:29:39.002 [DEBUG] Next scheduled HVAC run at 2025-09-14 14:30:00
2025-09-14 14:29:40.003 [DEBUG] Next scheduled HVAC run at 2025-09-14 14:30:00
2025-09-14 14:29:41.005 [DEBUG] Next scheduled HVAC run at 2025-09-14 14:30:00
2025-09-14 14:29:42.005 [DEBUG] Next scheduled HVAC run at 2025-09-14 14:30:00
2025-09-14 14:29:43.007 [DEBUG] Next scheduled HVAC run at 2025-09-14 14:30:00
2025-09-14 14:29:44.008 [DEBUG] Next scheduled HVAC run at 2025-09-14 14:30:00
2025-09-14 14:29:45.010 [DEBUG] Next scheduled HVAC run at 2025-09-14 14:30:00
2025-09-14 14:29:46.011 [DEBUG] Next scheduled HVAC run at 2025-09-14 14:30:00
2025-09-14 14:29:47.012 [DEBUG] Next scheduled HVAC run at 2025-09-14 14:30:00
2025-09-14 14:29:48.013 [DEBUG] Next scheduled HVAC run at 2025-09-14 14:30:00
2025-09-14 14:29:49.015 [DEBUG] Next scheduled HVAC run at 2025-09-14 14:30:00
2025-09-14 14:29:50.016 [DEBUG] Next scheduled HVAC run at 2025-09-14 14:30:00
2025-09-14 14:29:51.017 [DEBUG] Next scheduled HVAC run at 2025-09-14 14:30:00
2025-09-14 14:29:52.017 [DEBUG] Next scheduled HVAC run at 2025-09-14 14:30:00
2025-09-14 14:29:53.018 [DEBUG] Next scheduled HVAC run at 2025-09-14 14:30:00
2025-09-14 14:29:54.019 [DEBUG] Next scheduled HVAC run at 2025-09-14 14:30:00
2025-09-14 14:29:55.020 [DEBUG] Next scheduled HVAC run at 2025-09-14 14:30:00
2025-09-14 14:29:56.021 [DEBUG] Next scheduled HVAC run at 2025-09-14 14:30:00
2025-09-14 14:29:57.021 [DEBUG] Next scheduled HVAC run at 2025-09-14 14:30:00
2025-09-14 14:29:58.022 [DEBUG] Next scheduled HVAC run at 2025-09-14 14:30:00
2025-09-14 14:29:59.023 [DEBUG] Next scheduled HVAC run at 2025-09-14 14:30:00
2025-09-14 14:30:00.024 [DEBUG] Running job Job(interval=1, unit=days, do=daily_hvac_task, args=(), kwargs={})
2025-09-14 14:30:00.026 [DEBUG] Starting new HTTPS connection (1): auth.tesla.com:443
2025-09-14 14:30:00.372 [DEBUG] https://auth.tesla.com:443 "POST /oauth2/v3/token HTTP/1.1" 200 992
2025-09-14 14:30:00.374 [DEBUG] Starting new HTTPS connection (1): owner-api.teslamotors.com:443
2025-09-14 14:30:00.579 [DEBUG] https://owner-api.teslamotors.com:443 "POST /api/1/vehicles/929770148073832/wake_up HTTP/1.1" 200 None
2025-09-14 14:30:00.580 [INFO] Vehicle is online
2025-09-14 14:30:00.587 [DEBUG] Starting new HTTPS connection (1): owner-api.teslamotors.com:443
2025-09-14 14:30:01.166 [DEBUG] https://owner-api.teslamotors.com:443 "GET /api/1/vehicles/929770148073832/vehicle_data HTTP/1.1" 200 None
2025-09-14 14:30:01.168 [DEBUG] Vehicle data: inside=38.8, outside=20.0, speed=None
2025-09-14 14:30:01.171 [INFO] Conditions met (outside=20.0, inside=38.8), starting HVAC
2025-09-14 14:30:01.172 [DEBUG] Starting new HTTPS connection (1): owner-api.teslamotors.com:443
2025-09-14 14:30:01.451 [DEBUG] https://owner-api.teslamotors.com:443 "POST /api/1/vehicles/929770148073832/command/set_temps HTTP/1.1" 200 None
2025-09-14 14:30:01.452 [INFO] HVAC set to 18°C
2025-09-14 14:30:01.455 [INFO] Waiting 60 seconds to check if car moved
2025-09-14 14:31:01.457 [DEBUG] Starting new HTTPS connection (1): owner-api.teslamotors.com:443
2025-09-14 14:31:01.808 [DEBUG] https://owner-api.teslamotors.com:443 "GET /api/1/vehicles/929770148073832/vehicle_data HTTP/1.1" 200 None
2025-09-14 14:31:01.809 [DEBUG] Vehicle data: inside=39.0, outside=20.0, speed=None
2025-09-14 14:31:01.812 [INFO] Car did not move, stopping HVAC and letting car sleep
2025-09-14 14:31:01.813 [DEBUG] Starting new HTTPS connection (1): owner-api.teslamotors.com:443
2025-09-14 14:31:02.197 [DEBUG] https://owner-api.teslamotors.com:443 "POST /api/1/vehicles/929770148073832/command/auto_conditioning_stop HTTP/1.1" 200 None
2025-09-14 14:31:02.199 [INFO] HVAC stopped
2025-09-14 14:31:02.201 [DEBUG] Next scheduled HVAC run at 2025-09-15 14:30:00
2025-09-14 14:31:03.201 [DEBUG] Next scheduled HVAC run at 2025-09-15 14:30:00
2025-09-14 14:31:04.202 [DEBUG] Next scheduled HVAC run at 2025-09-15 14:30:00
2025-09-14 14:31:05.204 [DEBUG] Next scheduled HVAC run at 2025-09-15 14:30:00
2025-09-14 14:31:06.205 [DEBUG] Next scheduled HVAC run at 2025-09-15 14:30:00
2025-09-14 14:31:07.206 [DEBUG] Next scheduled HVAC run at 2025-09-15 14:30:00
2025-09-14 14:31:08.207 [DEBUG] Next scheduled HVAC run at 2025-09-15 14:30:00
2025-09-14 14:31:08.646 [INFO] Tesla HVAC script stopped by user
2025-09-14 14:33:50,735 [INFO] Tesla HVAC job scheduled for today (6) at 11:34.
2025-09-14 14:33:50,735 [INFO] Tesla HVAC script started.
2025-09-14 14:34:26,720 [INFO] Tesla HVAC job scheduled for today (6) at 15:34.
2025-09-14 14:34:26,720 [INFO] Tesla HVAC script started.
2025-09-14 14:35:35,468 [INFO] Tesla HVAC job scheduled for today (6) at 14:36.
2025-09-14 14:35:35,468 [INFO] Tesla HVAC script started.
2025-09-14 14:36:00,481 [INFO] === HVAC Job Triggered at 2025-09-14 14:36:00.481294 ===
2025-09-14 14:36:01,030 [INFO] Obtained new Tesla access token.
2025-09-14 14:36:01,393 [INFO] Vehicle data fetched successfully on attempt 1.
2025-09-14 14:36:01,394 [INFO] Vehicle state: online, Speed: None
2025-09-14 14:36:01,394 [INFO] Outside Temp=20.0°C, Inside Temp=39.1°C
2025-09-14 14:36:01,394 [INFO] Temperature condition met → starting HVAC due to: Inside temp 39.1°C > 25°C
2025-09-14 14:36:02,039 [INFO] HVAC started. Start response: {'response': {'reason': '', 'result': True}}, Set Temp response: {'response': {'reason': '', 'result': True}}
2025-09-14 14:37:02,424 [INFO] Vehicle data fetched successfully on attempt 1.
2025-09-14 14:37:02,425 [INFO] Shutdown check → Vehicle state: online, Speed=None
2025-09-14 14:37:02,780 [INFO] HVAC stopped. Stop response: {'response': {'reason': '', 'result': True}}
2025-09-14 14:37:02,781 [INFO] HVAC stopped after 60s because car idle.
2025-09-14 14:46:48,580 [INFO] Tesla HVAC job scheduled for today (6) at 07:55.
2025-09-14 14:46:48,580 [INFO] Tesla HVAC script started.
2025-09-15 08:04:12,717 [INFO] === HVAC Job Triggered at 2025-09-15 08:04:12.710569 ===
2025-09-15 08:04:23,005 [WARNING] Token fetch attempt 1 failed: HTTPSConnectionPool(host='auth.tesla.com', port=443): Max retries exceeded with url: /oauth2/v3/token (Caused by NameResolutionError("<urllib3.connection.HTTPSConnection object at 0x7fca715c5940>: Failed to resolve 'auth.tesla.com' ([Errno -3] Temporary failure in name resolution)"))
2025-09-15 08:04:25,436 [INFO] Obtained new Tesla access token.
2025-09-15 08:04:25,636 [WARNING] GET /vehicles/929770148073832/vehicle_data attempt 1 failed: 408 Client Error: Request Timeout for url: https://owner-api.teslamotors.com/api/1/vehicles/929770148073832/vehicle_data
2025-09-15 08:04:27,879 [WARNING] GET /vehicles/929770148073832/vehicle_data attempt 2 failed: 408 Client Error: Request Timeout for url: https://owner-api.teslamotors.com/api/1/vehicles/929770148073832/vehicle_data
2025-09-15 08:04:30,089 [WARNING] GET /vehicles/929770148073832/vehicle_data attempt 3 failed: 408 Client Error: Request Timeout for url: https://owner-api.teslamotors.com/api/1/vehicles/929770148073832/vehicle_data
2025-09-15 08:04:32,090 [ERROR] GET /vehicles/929770148073832/vehicle_data failed after 3 attempts.
2025-09-15 08:04:32,091 [WARNING] Vehicle data not ready, retry 1/5. Waiting 10s...
2025-09-15 08:04:32,301 [INFO] Sent wake_up command to Tesla.
2025-09-15 08:04:42,541 [WARNING] GET /vehicles/929770148073832/vehicle_data attempt 1 failed: 408 Client Error: Request Timeout for url: https://owner-api.teslamotors.com/api/1/vehicles/929770148073832/vehicle_data
2025-09-15 08:04:44,745 [WARNING] GET /vehicles/929770148073832/vehicle_data attempt 2 failed: 408 Client Error: Request Timeout for url: https://owner-api.teslamotors.com/api/1/vehicles/929770148073832/vehicle_data
2025-09-15 08:04:46,929 [WARNING] GET /vehicles/929770148073832/vehicle_data attempt 3 failed: 408 Client Error: Request Timeout for url: https://owner-api.teslamotors.com/api/1/vehicles/929770148073832/vehicle_data
2025-09-15 08:04:48,930 [ERROR] GET /vehicles/929770148073832/vehicle_data failed after 3 attempts.
2025-09-15 08:04:48,931 [WARNING] Vehicle data not ready, retry 2/5. Waiting 10s...
2025-09-15 08:04:49,134 [INFO] Sent wake_up command to Tesla.
2025-09-15 08:04:59,502 [INFO] Vehicle data fetched successfully on attempt 3.
2025-09-15 08:04:59,503 [INFO] Vehicle state: online, Speed: None
2025-09-15 08:04:59,503 [INFO] Outside Temp=15.5°C, Inside Temp=16.1°C
2025-09-15 08:04:59,503 [INFO] Temperature conditions NOT met → skipping HVAC.
2025-09-16 07:55:00,886 [INFO] === HVAC Job Triggered at 2025-09-16 07:55:00.884060 ===
2025-09-16 07:55:01,083 [INFO] Access token expired, refreshing...
2025-09-16 07:55:01,429 [INFO] Obtained new Tesla access token.
2025-09-16 07:55:01,630 [WARNING] GET /vehicles/929770148073832/vehicle_data attempt 2 failed: 408 Client Error: Request Timeout for url: https://owner-api.teslamotors.com/api/1/vehicles/929770148073832/vehicle_data
2025-09-16 07:55:03,826 [WARNING] GET /vehicles/929770148073832/vehicle_data attempt 3 failed: 408 Client Error: Request Timeout for url: https://owner-api.teslamotors.com/api/1/vehicles/929770148073832/vehicle_data
2025-09-16 07:55:05,828 [ERROR] GET /vehicles/929770148073832/vehicle_data failed after 3 attempts.
2025-09-16 07:55:05,832 [WARNING] Vehicle data not ready, retry 1/5. Waiting 10s...
2025-09-16 07:55:06,099 [INFO] Sent wake_up command to Tesla.
2025-09-16 07:55:16,297 [WARNING] GET /vehicles/929770148073832/vehicle_data attempt 1 failed: 408 Client Error: Request Timeout for url: https://owner-api.teslamotors.com/api/1/vehicles/929770148073832/vehicle_data
2025-09-16 07:55:18,477 [WARNING] GET /vehicles/929770148073832/vehicle_data attempt 2 failed: 408 Client Error: Request Timeout for url: https://owner-api.teslamotors.com/api/1/vehicles/929770148073832/vehicle_data
2025-09-16 07:55:20,719 [WARNING] GET /vehicles/929770148073832/vehicle_data attempt 3 failed: 408 Client Error: Request Timeout for url: https://owner-api.teslamotors.com/api/1/vehicles/929770148073832/vehicle_data
2025-09-16 07:55:22,721 [ERROR] GET /vehicles/929770148073832/vehicle_data failed after 3 attempts.
2025-09-16 07:55:22,722 [WARNING] Vehicle data not ready, retry 2/5. Waiting 10s...
2025-09-16 07:55:22,928 [INFO] Sent wake_up command to Tesla.
2025-09-16 07:55:33,335 [INFO] Vehicle data fetched successfully on attempt 3.
2025-09-16 07:55:33,335 [INFO] Vehicle state: online, Speed: None
2025-09-16 07:55:33,335 [INFO] Outside Temp=14.0°C, Inside Temp=13.9°C
2025-09-16 07:55:33,335 [INFO] Temperature conditions NOT met → skipping HVAC.
2025-09-18 03:44:51,621 [INFO] Tesla HVAC job scheduled for today (3) at 07:55.
2025-09-18 03:44:51,623 [INFO] Tesla HVAC script started.
